platforms/android/build/outputs/logs/manifest-merger-release-report.txt
-- Merging decision tree log ---
manifest
ADDED from platforms\android\AndroidManifest.xml:2:1-40:12
	package
		ADDED from platforms\android\AndroidManifest.xml:2:98-123
		INJECTED from platforms\android\AndroidManifest.xml
		INJECTED from platforms\android\AndroidManifest.xml
	android:versionName
		ADDED from platforms\android\AndroidManifest.xml:2:70-97
		INJECTED from platforms\android\AndroidManifest.xml
		INJECTED from platforms\android\AndroidManifest.xml
	android:hardwareAccelerated
		ADDED from platforms\android\AndroidManifest.xml:2:11-45
	android:versionCode
		ADDED from platforms\android\AndroidManifest.xml:2:46-69
		INJECTED from platforms\android\AndroidManifest.xml
		INJECTED from platforms\android\AndroidManifest.xml
	xmlns:android
		ADDED from platforms\android\AndroidManifest.xml:2:124-182
supports-screens
ADDED from platforms\android\AndroidManifest.xml:3:5-191
	android:largeScreens
		ADDED from platforms\android\AndroidManifest.xml:3:49-76
	android:smallScreens
		ADDED from platforms\android\AndroidManifest.xml:3:132-159
	android:normalScreens
		ADDED from platforms\android\AndroidManifest.xml:3:77-105
	android:xlargeScreens
		ADDED from platforms\android\AndroidManifest.xml:3:160-188
	android:resizeable
		ADDED from platforms\android\AndroidManifest.xml:3:106-131
	android:anyDensity
		ADDED from platforms\android\AndroidManifest.xml:3:23-48
uses-permission#android.permission.INTERNET
ADDED from platforms\android\AndroidManifest.xml:4:5-67
MERGED from [com.google.android.gms:play-services-ads-lite:10.2.1] AndroidManifest.xml:19:5-66
MERGED from [com.onesignal:OneSignal:2.3.0] AndroidManifest.xml:15:5-67
MERGED from [com.google.android.gms:play-services-gcm:10.2.1] AndroidManifest.xml:21:5-66
MERGED from [com.google.android.gms:play-services-iid:10.2.1] AndroidManifest.xml:21:5-66
MERGED from [com.google.android.gms:play-services-analytics:10.2.1] AndroidManifest.xml:20:5-66
MERGED from [com.google.android.gms:play-services-analytics-impl:10.2.1] AndroidManifest.xml:20:5-66
	android:name
		ADDED from platforms\android\AndroidManifest.xml:4:22-64
application
ADDED from platforms\android\AndroidManifest.xml:5:5-31:19
MERGED from [com.google.android.gms:play-services-ads-lite:10.2.1] AndroidManifest.xml:23:5-27:19
MERGED from [com.google.android.gms:play-services-basement:10.2.1] AndroidManifest.xml:19:5-21:19
MERGED from [com.android.support:support-v4:26.0.0-alpha1] AndroidManifest.xml:29:5-20
MERGED from [com.android.support:support-compat:26.0.0-alpha1] AndroidManifest.xml:29:5-20
MERGED from [com.android.support:support-media-compat:26.0.0-alpha1] AndroidManifest.xml:29:5-20
MERGED from [com.android.support:support-core-utils:26.0.0-alpha1] AndroidManifest.xml:29:5-20
MERGED from [com.android.support:support-core-ui:26.0.0-alpha1] AndroidManifest.xml:29:5-20
MERGED from [com.android.support:support-fragment:26.0.0-alpha1] AndroidManifest.xml:29:5-20
MERGED from [com.google.android.gms:play-services-base:10.2.1] AndroidManifest.xml:18:5-20:19
MERGED from [com.google.android.gms:play-services-tasks:10.2.1] AndroidManifest.xml:4:5-19
MERGED from [com.google.android.gms:play-services-clearcut:10.2.1] AndroidManifest.xml:18:5-19
MERGED from [com.google.android.gms:play-services-gass:10.2.1] AndroidManifest.xml:4:5-19
MERGED from [com.onesignal:OneSignal:2.3.0] AndroidManifest.xml:40:5-67:19
MERGED from [com.google.android.gms:play-services-gcm:10.2.1] AndroidManifest.xml:23:5-19
MERGED from [com.google.android.gms:play-services-iid:10.2.1] AndroidManifest.xml:23:5-19
MERGED from [com.google.android.gms:play-services-analytics:10.2.1] AndroidManifest.xml:26:5-19
MERGED from [com.google.android.gms:play-services-analytics-impl:10.2.1] AndroidManifest.xml:26:5-19
MERGED from [com.google.android.gms:play-services-tagmanager-v4-impl:10.2.1] AndroidManifest.xml:19:5-19
MERGED from [com.google.android.gms:play-services-location:10.2.1] AndroidManifest.xml:4:5-19
	android:label
		ADDED from platforms\android\AndroidManifest.xml:5:81-113
	android:supportsRtl
		ADDED from platforms\android\AndroidManifest.xml:5:114-140
	android:hardwareAccelerated
		ADDED from platforms\android\AndroidManifest.xml:5:18-52
	android:icon
		ADDED from platforms\android\AndroidManifest.xml:5:53-80
activity#com.hauduai.app.MainActivity
ADDED from platforms\android\AndroidManifest.xml:6:9-11:20
	android:screenOrientation
		ADDED from platforms\android\AndroidManifest.xml:6:194-230
	android:label
		ADDED from platforms\android\AndroidManifest.xml:6:97-134
	android:launchMode
		ADDED from platforms\android\AndroidManifest.xml:6:135-165
	android:windowSoftInputMode
		ADDED from platforms\android\AndroidManifest.xml:6:294-336
	android:configChanges
		ADDED from platforms\android\AndroidManifest.xml:6:19-96
	android:theme
		ADDED from platforms\android\AndroidManifest.xml:6:231-293
	android:name
		ADDED from platforms\android\AndroidManifest.xml:6:166-193
intent-filter#android.intent.action.MAIN+android.intent.category.LAUNCHER
ADDED from platforms\android\AndroidManifest.xml:7:13-10:29
	android:label
		ADDED from platforms\android\AndroidManifest.xml:7:28-65
action#android.intent.action.MAIN
ADDED from platforms\android\AndroidManifest.xml:8:17-69
	android:name
		ADDED from platforms\android\AndroidManifest.xml:8:25-66
category#android.intent.category.LAUNCHER
ADDED from platforms\android\AndroidManifest.xml:9:17-77
	android:name
		ADDED from platforms\android\AndroidManifest.xml:9:27-74
activity#com.plugin.gcm.PushHandlerActivity
ADDED from platforms\android\AndroidManifest.xml:12:9-95
	android:exported
		ADDED from platforms\android\AndroidManifest.xml:12:19-42
	android:name
		ADDED from platforms\android\AndroidManifest.xml:12:43-92
receiver#com.plugin.gcm.CordovaGCMBroadcastReceiver
ADDED from platforms\android\AndroidManifest.xml:13:9-19:20
	android:permission
		ADDED from platforms\android\AndroidManifest.xml:13:77-137
	android:name
		ADDED from platforms\android\AndroidManifest.xml:13:19-76
intent-filter#com.google.android.c2dm.intent.RECEIVE+com.google.android.c2dm.intent.REGISTRATION+com.ionicframework.haudai596641
ADDED from platforms\android\AndroidManifest.xml:14:13-18:29
action#com.google.android.c2dm.intent.RECEIVE
ADDED from platforms\android\AndroidManifest.xml:15:17-81
	android:name
		ADDED from platforms\android\AndroidManifest.xml:15:25-78
action#com.google.android.c2dm.intent.REGISTRATION
ADDED from platforms\android\AndroidManifest.xml:16:17-86
	android:name
		ADDED from platforms\android\AndroidManifest.xml:16:25-83
category#com.ionicframework.haudai596641
ADDED from platforms\android\AndroidManifest.xml:17:17-76
	android:name
		ADDED from platforms\android\AndroidManifest.xml:17:27-73
service#com.plugin.gcm.GCMIntentService
ADDED from platforms\android\AndroidManifest.xml:20:9-67
	android:name
		ADDED from platforms\android\AndroidManifest.xml:20:18-64
activity#com.google.android.gms.ads.AdActivity
ADDED from platforms\android\AndroidManifest.xml:21:9-233
MERGED from [com.google.android.gms:play-services-ads-lite:10.2.1] AndroidManifest.xml:25:9-232
	android:configChanges
		ADDED from platforms\android\AndroidManifest.xml:21:19-128
	android:theme
		ADDED from platforms\android\AndroidManifest.xml:21:182-230
	android:name
		ADDED from platforms\android\AndroidManifest.xml:21:129-181
amazon:enable-feature
ADDED from platforms\android\AndroidManifest.xml:22:9-159
	xmlns:amazon
		ADDED from platforms\android\AndroidManifest.xml:22:100-156
	android:required
		ADDED from platforms\android\AndroidManifest.xml:22:75-99
	android:name
		ADDED from platforms\android\AndroidManifest.xml:22:32-74
service#com.onesignal.ADMMessageHandler
ADDED from platforms\android\AndroidManifest.xml:23:9-92
	android:exported
		ADDED from platforms\android\AndroidManifest.xml:23:18-42
	android:name
		ADDED from platforms\android\AndroidManifest.xml:23:43-89
receiver#com.onesignal.ADMMessageHandler$Receiver
ADDED from platforms\android\AndroidManifest.xml:24:9-30:20
	android:permission
		ADDED from platforms\android\AndroidManifest.xml:24:75-139
	android:name
		ADDED from platforms\android\AndroidManifest.xml:24:19-74
intent-filter#com.amazon.device.messaging.intent.RECEIVE+com.amazon.device.messaging.intent.REGISTRATION+com.ionicframework.haudai596641
ADDED from platforms\android\AndroidManifest.xml:25:13-29:29
action#com.amazon.device.messaging.intent.REGISTRATION
ADDED from platforms\android\AndroidManifest.xml:26:17-90
	android:name
		ADDED from platforms\android\AndroidManifest.xml:26:25-87
action#com.amazon.device.messaging.intent.RECEIVE
ADDED from platforms\android\AndroidManifest.xml:27:17-85
	android:name
		ADDED from platforms\android\AndroidManifest.xml:27:25-82
uses-sdk
ADDED from platforms\android\AndroidManifest.xml:32:5-74
MERGED from [com.google.android.gms:play-services-ads:10.2.1] AndroidManifest.xml:17:5-43
MERGED from [com.google.android.gms:play-services-ads-lite:10.2.1] AndroidManifest.xml:22:5-43
MERGED from [com.google.android.gms:play-services-basement:10.2.1] AndroidManifest.xml:17:5-43
MERGED from [com.android.support:support-v4:26.0.0-alpha1] AndroidManifest.xml:21:5-23:54
MERGED from [com.android.support:support-compat:26.0.0-alpha1] AndroidManifest.xml:21:5-23:58
MERGED from [com.android.support:support-media-compat:26.0.0-alpha1] AndroidManifest.xml:21:5-23:63
MERGED from [com.android.support:support-core-utils:26.0.0-alpha1] AndroidManifest.xml:21:5-23:61
MERGED from [com.android.support:support-core-ui:26.0.0-alpha1] AndroidManifest.xml:21:5-23:58
MERGED from [com.android.support:support-fragment:26.0.0-alpha1] AndroidManifest.xml:21:5-23:60
MERGED from [com.google.android.gms:play-services-base:10.2.1] AndroidManifest.xml:17:5-43
MERGED from [com.google.android.gms:play-services-tasks:10.2.1] AndroidManifest.xml:3:5-43
MERGED from [com.google.android.gms:play-services-clearcut:10.2.1] AndroidManifest.xml:17:5-43
MERGED from [com.google.android.gms:play-services-gass:10.2.1] AndroidManifest.xml:3:5-43
MERGED from [com.onesignal:OneSignal:2.3.0] AndroidManifest.xml:5:5-43
MERGED from [com.google.android.gms:play-services-gcm:10.2.1] AndroidManifest.xml:17:5-43
MERGED from [com.google.android.gms:play-services-iid:10.2.1] AndroidManifest.xml:17:5-43
MERGED from [com.google.android.gms:play-services-analytics:10.2.1] AndroidManifest.xml:17:5-43
MERGED from [com.google.android.gms:play-services-analytics-impl:10.2.1] AndroidManifest.xml:17:5-43
MERGED from [com.google.android.gms:play-services-tagmanager-v4-impl:10.2.1] AndroidManifest.xml:17:5-43
MERGED from [com.google.android.gms:play-services-location:10.2.1] AndroidManifest.xml:3:5-43
MERGED from [android:CordovaLib:unspecified:release] AndroidManifest.xml:25:5-44
	tools:overrideLibrary
		ADDED from [com.android.support:support-v4:26.0.0-alpha1] AndroidManifest.xml:23:9-51
	android:targetSdkVersion
		ADDED from platforms\android\AndroidManifest.xml:32:42-71
	android:minSdkVersion
		ADDED from platforms\android\AndroidManifest.xml:32:15-41
uses-permission#android.permission.ACCESS_NETWORK_STATE
ADDED from platforms\android\AndroidManifest.xml:33:5-79
MERGED from [com.google.android.gms:play-services-ads-lite:10.2.1] AndroidManifest.xml:20:5-78
MERGED from [com.onesignal:OneSignal:2.3.0] AndroidManifest.xml:24:5-79
MERGED from [com.google.android.gms:play-services-analytics:10.2.1] AndroidManifest.xml:21:5-78
MERGED from [com.google.android.gms:play-services-analytics-impl:10.2.1] AndroidManifest.xml:21:5-78
	android:name
		ADDED from platforms\android\AndroidManifest.xml:33:22-76
uses-permission#android.permission.GET_ACCOUNTS
ADDED from platforms\android\AndroidManifest.xml:34:5-71
	android:name
		ADDED from platforms\android\AndroidManifest.xml:34:22-68
uses-permission#android.permission.WAKE_LOCK
ADDED from platforms\android\AndroidManifest.xml:35:5-68
MERGED from [com.onesignal:OneSignal:2.3.0] AndroidManifest.xml:18:5-68
MERGED from [com.google.android.gms:play-services-analytics:10.2.1] AndroidManifest.xml:24:5-67
MERGED from [com.google.android.gms:play-services-analytics-impl:10.2.1] AndroidManifest.xml:24:5-67
	android:name
		ADDED from platforms\android\AndroidManifest.xml:35:22-65
uses-permission#android.permission.VIBRATE
ADDED from platforms\android\AndroidManifest.xml:36:5-66
MERGED from [com.onesignal:OneSignal:2.3.0] AndroidManifest.xml:23:5-66
	android:name
		ADDED from platforms\android\AndroidManifest.xml:36:22-63
uses-permission#com.google.android.c2dm.permission.RECEIVE
ADDED from platforms\android\AndroidManifest.xml:37:5-82
MERGED from [com.onesignal:OneSignal:2.3.0] AndroidManifest.xml:16:5-82
MERGED from [com.google.android.gms:play-services-gcm:10.2.1] AndroidManifest.xml:20:5-81
MERGED from [com.google.android.gms:play-services-iid:10.2.1] AndroidManifest.xml:20:5-81
	android:name
		ADDED from platforms\android\AndroidManifest.xml:37:22-79
permission#com.ionicframework.haudai596641.permission.C2D_MESSAGE
ADDED from platforms\android\AndroidManifest.xml:38:5-125
	android:protectionLevel
		ADDED from platforms\android\AndroidManifest.xml:38:87-122
	android:name
		ADDED from platforms\android\AndroidManifest.xml:38:17-86
uses-permission#com.ionicframework.haudai596641.permission.C2D_MESSAGE
ADDED from platforms\android\AndroidManifest.xml:39:5-94
	android:name
		ADDED from platforms\android\AndroidManifest.xml:39:22-91
activity#com.google.android.gms.ads.purchase.InAppPurchaseActivity
ADDED from [com.google.android.gms:play-services-ads-lite:10.2.1] AndroidManifest.xml:26:9-131
	android:theme
		ADDED from [com.google.android.gms:play-services-ads-lite:10.2.1] AndroidManifest.xml:26:92-129
	android:name
		ADDED from [com.google.android.gms:play-services-ads-lite:10.2.1] AndroidManifest.xml:26:19-91
meta-data#com.google.android.gms.version
ADDED from [com.google.android.gms:play-services-basement:10.2.1] AndroidManifest.xml:20:9-121
	android:value
		ADDED from [com.google.android.gms:play-services-basement:10.2.1] AndroidManifest.xml:20:66-119
	android:name
		ADDED from [com.google.android.gms:play-services-basement:10.2.1] AndroidManifest.xml:20:20-65
meta-data#android.support.VERSION
ADDED from [com.android.support:support-v4:26.0.0-alpha1] AndroidManifest.xml:25:5-27:41
MERGED from [com.android.support:support-compat:26.0.0-alpha1] AndroidManifest.xml:25:5-27:41
MERGED from [com.android.support:support-media-compat:26.0.0-alpha1] AndroidManifest.xml:25:5-27:41
MERGED from [com.android.support:support-core-utils:26.0.0-alpha1] AndroidManifest.xml:25:5-27:41
MERGED from [com.android.support:support-core-ui:26.0.0-alpha1] AndroidManifest.xml:25:5-27:41
MERGED from [com.android.support:support-fragment:26.0.0-alpha1] AndroidManifest.xml:25:5-27:41
	android:value
		ADDED from [com.android.support:support-v4:26.0.0-alpha1] AndroidManifest.xml:27:9-38
	android:name
		ADDED from [com.android.support:support-v4:26.0.0-alpha1] AndroidManifest.xml:26:9-47
activity#com.google.android.gms.common.api.GoogleApiActivity
ADDED from [com.google.android.gms:play-services-base:10.2.1] AndroidManifest.xml:19:9-172
	android:exported
		ADDED from [com.google.android.gms:play-services-base:10.2.1] AndroidManifest.xml:19:146-170
	android:theme
		ADDED from [com.google.android.gms:play-services-base:10.2.1] AndroidManifest.xml:19:86-145
	android:name
		ADDED from [com.google.android.gms:play-services-base:10.2.1] AndroidManifest.xml:19:19-85
permission#${manifestApplicationId}.permission.C2D_MESSAGE
ADDED from [com.onesignal:OneSignal:2.3.0] AndroidManifest.xml:8:5-10:47
	android:protectionLevel
		ADDED from [com.onesignal:OneSignal:2.3.0] AndroidManifest.xml:10:9-44
	android:name
		ADDED from [com.onesignal:OneSignal:2.3.0] AndroidManifest.xml:9:9-71
uses-permission#${manifestApplicationId}.permission.C2D_MESSAGE
ADDED from [com.onesignal:OneSignal:2.3.0] AndroidManifest.xml:12:5-87
	android:name
		ADDED from [com.onesignal:OneSignal:2.3.0] AndroidManifest.xml:12:22-84
uses-permission#com.sec.android.provider.badge.permission.READ
ADDED from [com.onesignal:OneSignal:2.3.0] AndroidManifest.xml:28:5-86
	android:name
		ADDED from [com.onesignal:OneSignal:2.3.0] AndroidManifest.xml:28:22-83
uses-permission#com.sec.android.provider.badge.permission.WRITE
ADDED from [com.onesignal:OneSignal:2.3.0] AndroidManifest.xml:29:5-87
	android:name
		ADDED from [com.onesignal:OneSignal:2.3.0] AndroidManifest.xml:29:22-84
uses-permission#com.htc.launcher.permission.READ_SETTINGS
ADDED from [com.onesignal:OneSignal:2.3.0] AndroidManifest.xml:31:5-81
	android:name
		ADDED from [com.onesignal:OneSignal:2.3.0] AndroidManifest.xml:31:22-78
uses-permission#com.htc.launcher.permission.UPDATE_SHORTCUT
ADDED from [com.onesignal:OneSignal:2.3.0] AndroidManifest.xml:32:5-83
	android:name
		ADDED from [com.onesignal:OneSignal:2.3.0] AndroidManifest.xml:32:22-80
uses-permission#com.sonyericsson.home.permission.BROADCAST_BADGE
ADDED from [com.onesignal:OneSignal:2.3.0] AndroidManifest.xml:34:5-88
	android:name
		ADDED from [com.onesignal:OneSignal:2.3.0] AndroidManifest.xml:34:22-85
uses-permission#com.anddoes.launcher.permission.UPDATE_COUNT
ADDED from [com.onesignal:OneSignal:2.3.0] AndroidManifest.xml:36:5-84
	android:name
		ADDED from [com.onesignal:OneSignal:2.3.0] AndroidManifest.xml:36:22-81
uses-permission#com.majeur.launcher.permission.UPDATE_BADGE
ADDED from [com.onesignal:OneSignal:2.3.0] AndroidManifest.xml:38:5-83
	android:name
		ADDED from [com.onesignal:OneSignal:2.3.0] AndroidManifest.xml:38:22-80
meta-data#onesignal_app_id
ADDED from [com.onesignal:OneSignal:2.3.0] AndroidManifest.xml:41:9-43:51
	android:value
		ADDED from [com.onesignal:OneSignal:2.3.0] AndroidManifest.xml:43:13-48
	android:name
		ADDED from [com.onesignal:OneSignal:2.3.0] AndroidManifest.xml:42:13-44
meta-data#onesignal_google_project_number
ADDED from [com.onesignal:OneSignal:2.3.0] AndroidManifest.xml:44:9-46:70
	android:value
		ADDED from [com.onesignal:OneSignal:2.3.0] AndroidManifest.xml:46:13-67
	android:name
		ADDED from [com.onesignal:OneSignal:2.3.0] AndroidManifest.xml:45:13-59
receiver#com.onesignal.GcmBroadcastReceiver
ADDED from [com.onesignal:OneSignal:2.3.0] AndroidManifest.xml:48:9-56:20
	android:permission
		ADDED from [com.onesignal:OneSignal:2.3.0] AndroidManifest.xml:50:13-73
	android:name
		ADDED from [com.onesignal:OneSignal:2.3.0] AndroidManifest.xml:49:13-62
intent-filter#${manifestApplicationId}+com.google.android.c2dm.intent.RECEIVE
ADDED from [com.onesignal:OneSignal:2.3.0] AndroidManifest.xml:51:13-55:29
category#${manifestApplicationId}
ADDED from [com.onesignal:OneSignal:2.3.0] AndroidManifest.xml:54:17-69
	android:name
		ADDED from [com.onesignal:OneSignal:2.3.0] AndroidManifest.xml:54:27-66
receiver#com.onesignal.NotificationOpenedReceiver
ADDED from [com.onesignal:OneSignal:2.3.0] AndroidManifest.xml:57:9-77
	android:name
		ADDED from [com.onesignal:OneSignal:2.3.0] AndroidManifest.xml:57:19-74
service#com.onesignal.GcmIntentService
ADDED from [com.onesignal:OneSignal:2.3.0] AndroidManifest.xml:59:9-66
	android:name
		ADDED from [com.onesignal:OneSignal:2.3.0] AndroidManifest.xml:59:18-63
service#com.onesignal.SyncService
ADDED from [com.onesignal:OneSignal:2.3.0] AndroidManifest.xml:60:9-62:44
	android:stopWithTask
		ADDED from [com.onesignal:OneSignal:2.3.0] AndroidManifest.xml:62:13-41
	android:name
		ADDED from [com.onesignal:OneSignal:2.3.0] AndroidManifest.xml:61:13-53
activity#com.onesignal.PermissionsActivity
ADDED from [com.onesignal:OneSignal:2.3.0] AndroidManifest.xml:64:9-66:75
	android:theme
		ADDED from [com.onesignal:OneSignal:2.3.0] AndroidManifest.xml:66:13-72
	android:name
		ADDED from [com.onesignal:OneSignal:2.3.0] AndroidManifest.xml:65:13-61